<?xml version="1.0" encoding="UTF-8"?>
<!-- Generated by org.testng.reporters.JUnitReportReporter -->
<testsuite hostname="DESKTOP-ASV0EV8" failures="0" tests="1" name="com.crm.practice.DynamicSelect" time="20.075" errors="0" timestamp="2021-09-08T10:29:42 IST" skipped="0">
  <testcase classname="com.crm.practice.DynamicSelect" name="handlingDynamicWebTable" time="20.075"/>
  <system-out/>
</testsuite> <!-- com.crm.practice.DynamicSelect -->
