<?xml version="1.0" encoding="UTF-8"?>
<!-- Generated by org.testng.reporters.JUnitReportReporter -->
<testsuite hostname="DESKTOP-ASV0EV8" failures="0" tests="1" name="com.crm.Selenium.Contacts.TC_04_createContactWithOrganizationTest" time="41.344" errors="0" timestamp="2021-09-08T19:48:53 IST" skipped="0">
  <testcase classname="com.crm.Selenium.Contacts.TC_04_createContactWithOrganizationTest" name="creatContactWithOrganizatio" time="41.344"/>
  <system-out/>
</testsuite> <!-- com.crm.Selenium.Contacts.TC_04_createContactWithOrganizationTest -->
