<?xml version="1.0" encoding="UTF-8"?>
<!-- Generated by org.testng.reporters.JUnitReportReporter -->
<testsuite hostname="DESKTOP-ASV0EV8" failures="0" tests="1" name="practice.LoginPractice" time="14.374" errors="0" timestamp="2021-09-12T07:37:53 IST" skipped="0">
  <testcase classname="practice.LoginPractice" name="creatContactWithOrganizatio" time="14.374"/>
  <system-out/>
</testsuite> <!-- practice.LoginPractice -->
