<?xml version="1.0" encoding="UTF-8"?>
<!-- Generated by org.testng.reporters.JUnitReportReporter -->
<testsuite hostname="DESKTOP-ASV0EV8" failures="0" tests="1" name="practice.AccountStatus_UnitTest" time="0.735" errors="0" timestamp="2021-09-07T10:45:25 IST" skipped="0">
  <testcase classname="practice.AccountStatus_UnitTest" name="testAccountType" time="0.735"/>
  <system-out/>
</testsuite> <!-- practice.AccountStatus_UnitTest -->
