<?xml version="1.0" encoding="UTF-8"?>
<!-- Generated by org.testng.reporters.JUnitReportReporter -->
<testsuite hostname="DESKTOP-ASV0EV8" failures="0" tests="1" name="com.crm.Selenium.Contacts.TC_01_createContactWithOrganizationTest" time="23.382" errors="0" timestamp="2021-09-09T10:36:54 IST" skipped="0">
  <testcase classname="com.crm.Selenium.Contacts.TC_01_createContactWithOrganizationTest" name="creatContactWithOrganizatio" time="23.382"/>
  <system-out/>
</testsuite> <!-- com.crm.Selenium.Contacts.TC_01_createContactWithOrganizationTest -->
