<?xml version="1.0" encoding="UTF-8"?>
<!-- Generated by org.testng.reporters.JUnitReportReporter -->
<testsuite hostname="DESKTOP-ASV0EV8" failures="0" tests="1" name="com.crm.Selenium.Contacts.TC_05_createProductTest" time="29.295" errors="0" timestamp="2021-09-09T15:27:40 IST" skipped="0">
  <testcase classname="com.crm.Selenium.Contacts.TC_05_createProductTest" name="createProduct" time="29.295"/>
  <system-out/>
</testsuite> <!-- com.crm.Selenium.Contacts.TC_05_createProductTest -->
