<?xml version="1.0" encoding="UTF-8"?>
<!-- Generated by org.testng.reporters.JUnitReportReporter -->
<testsuite hostname="DESKTOP-ASV0EV8" failures="0" tests="1" name="practice.Sample_MavenParamterTest" time="4.223" errors="0" timestamp="2021-09-03T20:20:05 IST" skipped="0">
  <testcase classname="practice.Sample_MavenParamterTest" name="sample" time="4.223"/>
  <system-out/>
</testsuite> <!-- practice.Sample_MavenParamterTest -->
