<?xml version="1.0" encoding="UTF-8"?>
<!-- Generated by org.testng.reporters.JUnitReportReporter -->
<testsuite hostname="DESKTOP-ASV0EV8" failures="0" tests="1" name="com.crm.SeleniumProject.Script.TC_01_CreatePurchaseOrder" time="36.205" errors="0" timestamp="2021-09-17T14:48:53 IST" skipped="0">
  <testcase classname="com.crm.SeleniumProject.Script.TC_01_CreatePurchaseOrder" name="createPurcahseOrder" time="36.205"/>
  <system-out/>
</testsuite> <!-- com.crm.SeleniumProject.Script.TC_01_CreatePurchaseOrder -->
