<?xml version="1.0" encoding="UTF-8"?>
<!-- Generated by org.testng.reporters.JUnitReportReporter -->
<testsuite hostname="DESKTOP-ASV0EV8" failures="0" tests="1" name="com.crm.SeleniumProject_Maven.Script.TC_02_CreateOrganizationTest" time="12.469" errors="0" timestamp="2021-09-17T12:06:37 IST" skipped="0">
  <testcase classname="com.crm.SeleniumProject_Maven.Script.TC_02_CreateOrganizationTest" name="CreateOrganization" time="12.469"/>
  <system-out/>
</testsuite> <!-- com.crm.SeleniumProject_Maven.Script.TC_02_CreateOrganizationTest -->
