<?xml version="1.0" encoding="UTF-8"?>
<!-- Generated by org.testng.reporters.JUnitReportReporter -->
<testsuite hostname="DESKTOP-ASV0EV8" failures="0" tests="1" name="com.crm.practice.DynamicWeb_Table" time="17.703" errors="0" timestamp="2021-09-19T08:59:47 IST" skipped="0">
  <testcase classname="com.crm.practice.DynamicWeb_Table" name="Vtiger" time="17.703"/>
  <system-out/>
</testsuite> <!-- com.crm.practice.DynamicWeb_Table -->
