<?xml version="1.0" encoding="UTF-8"?>
<!-- Generated by org.testng.reporters.JUnitReportReporter -->
<testsuite hostname="DESKTOP-ASV0EV8" failures="0" tests="1" name="com.crm.practice.ReadDataXML" time="0.023" errors="0" timestamp="2021-09-08T10:31:50 IST" skipped="0">
  <testcase classname="com.crm.practice.ReadDataXML" name="ReadDataFromXML" time="0.023"/>
  <system-out/>
</testsuite> <!-- com.crm.practice.ReadDataXML -->
